Сборка начата 23.05.2020 3:25:01.
Уровень детализации журнала: Normal.     1>Проект "C:\Users\Vlad\OAP2\LAB15_OAP\LAB15_OAP.vcxproj" в узле 2 (целевые объекты Build).
     1>InitializeBuildStatus:
         Создание "Debug\LAB15_OAP.tlog\unsuccessfulbuild", так как было задано "AlwaysCreate".
       ClCompile:
         C:\Program Files (x86)\Microsoft Visual Studio\2019\Community\VC\Tools\MSVC\14.24.28314\bin\HostX86\x86\CL.exe /c /ZI /JMC /nologo /W3 /WX- /diagnostics:column /sdl /Od /Oy- /D WIN32 /D _DEBUG /D _CONSOLE /D _UNICODE /D UNICODE /Gm- /EHsc /RTC1 /MDd /GS /fp:precise /permissive- /Zc:wchar_t /Zc:forScope /Zc:inline /Fo"Debug\\" /Fd"Debug\vc142.pdb" /Gd /TP /analyze- /FC /errorReport:prompt Source.cpp
         Source.cpp
     1>C:\Users\Vlad\OAP2\LAB15_OAP\Source.cpp(6,16): warning C4244: инициализация: преобразование "double" в "int", возможна потеря данных
     1>C:\Users\Vlad\OAP2\LAB15_OAP\Source.cpp(7,14): warning C4244: return: преобразование "double" в "int", возможна потеря данных
     1>C:\Users\Vlad\OAP2\LAB15_OAP\Source.cpp(22,16): warning C4244: инициализация: преобразование "double" в "int", возможна потеря данных
     1>C:\Users\Vlad\OAP2\LAB15_OAP\Source.cpp(23,14): warning C4244: return: преобразование "double" в "int", возможна потеря данных
       Link:
         C:\Program Files (x86)\Microsoft Visual Studio\2019\Community\VC\Tools\MSVC\14.24.28314\bin\HostX86\x86\link.exe /ERRORREPORT:PROMPT /OUT:"C:\Users\Vlad\OAP2\LAB15_OAP\Debug\LAB15_OAP.exe" /INCREMENTAL /NOLOGO kernel32.lib user32.lib gdi32.lib winspool.lib comdlg32.lib advapi32.lib shell32.lib ole32.lib oleaut32.lib uuid.lib odbc32.lib odbccp32.lib /MANIFEST /MANIFESTUAC:"level='asInvoker' uiAccess='false'" /manifest:embed /DEBUG:FASTLINK /PDB:"C:\Users\Vlad\OAP2\LAB15_OAP\Debug\LAB15_OAP.pdb" /SUBSYSTEM:CONSOLE /TLBID:1 /DYNAMICBASE /NXCOMPAT /IMPLIB:"C:\Users\Vlad\OAP2\LAB15_OAP\Debug\LAB15_OAP.lib" /MACHINE:X86 Debug\LAB15_OAP.obj
         Debug\Source.obj
         LAB15_OAP.vcxproj -> C:\Users\Vlad\OAP2\LAB15_OAP\Debug\LAB15_OAP.exe
       FinalizeBuildStatus:
         Файл "Debug\LAB15_OAP.tlog\unsuccessfulbuild" удаляется.
         Обращение к "Debug\LAB15_OAP.tlog\LAB15_OAP.lastbuildstate".
     1>Сборка проекта "C:\Users\Vlad\OAP2\LAB15_OAP\LAB15_OAP.vcxproj" завершена (целевые объекты Build).

Сборка успешно завершена.

       "C:\Users\Vlad\OAP2\LAB15_OAP\LAB15_OAP.vcxproj" (целевой объект Build ) (1) ->
       (Целевой объект ClCompile) -> 
         C:\Users\Vlad\OAP2\LAB15_OAP\Source.cpp(6,16): warning C4244: инициализация: преобразование "double" в "int", возможна потеря данных
         C:\Users\Vlad\OAP2\LAB15_OAP\Source.cpp(7,14): warning C4244: return: преобразование "double" в "int", возможна потеря данных
         C:\Users\Vlad\OAP2\LAB15_OAP\Source.cpp(22,16): warning C4244: инициализация: преобразование "double" в "int", возможна потеря данных
         C:\Users\Vlad\OAP2\LAB15_OAP\Source.cpp(23,14): warning C4244: return: преобразование "double" в "int", возможна потеря данных

    Предупреждений: 4
    Ошибок: 0

Прошло времени 00:00:01.42
