Сборка начата 04.03.2020 13:30:41.
Уровень детализации журнала: Normal.     1>Проект "C:\Users\Vlad\source\repos\TaskFor3labsDop3\TaskFor3labsDop3.vcxproj" в узле 2 (целевые объекты Build).
     1>PrepareForBuild:
         Создание каталога "Debug\TaskFor3labsDop3.tlog\".
       InitializeBuildStatus:
         Создание "Debug\TaskFor3labsDop3.tlog\unsuccessfulbuild", так как было задано "AlwaysCreate".
       ClCompile:
         C:\Program Files (x86)\Microsoft Visual Studio\2019\Community\VC\Tools\MSVC\14.24.28314\bin\HostX86\x86\CL.exe /c /ZI /JMC /nologo /W3 /WX- /diagnostics:column /sdl /Od /Oy- /D WIN32 /D _DEBUG /D _CONSOLE /D _UNICODE /D UNICODE /Gm- /EHsc /RTC1 /MDd /GS /fp:precise /permissive- /Zc:wchar_t /Zc:forScope /Zc:inline /Fo"Debug\\" /Fd"Debug\vc142.pdb" /Gd /TP /analyze- /FC /errorReport:prompt TaskFor3labsDop3.cpp
         TaskFor3labsDop3.cpp
       Link:
         C:\Program Files (x86)\Microsoft Visual Studio\2019\Community\VC\Tools\MSVC\14.24.28314\bin\HostX86\x86\link.exe /ERRORREPORT:PROMPT /OUT:"C:\Users\Vlad\source\repos\TaskFor3labsDop3\Debug\TaskFor3labsDop3.exe" /INCREMENTAL /NOLOGO kernel32.lib user32.lib gdi32.lib winspool.lib comdlg32.lib advapi32.lib shell32.lib ole32.lib oleaut32.lib uuid.lib odbc32.lib odbccp32.lib /MANIFEST /MANIFESTUAC:"level='asInvoker' uiAccess='false'" /manifest:embed /DEBUG:FASTLINK /PDB:"C:\Users\Vlad\source\repos\TaskFor3labsDop3\Debug\TaskFor3labsDop3.pdb" /SUBSYSTEM:CONSOLE /TLBID:1 /DYNAMICBASE /NXCOMPAT /IMPLIB:"C:\Users\Vlad\source\repos\TaskFor3labsDop3\Debug\TaskFor3labsDop3.lib" /MACHINE:X86 Debug\TaskFor3labsDop3.obj
         TaskFor3labsDop3.vcxproj -> C:\Users\Vlad\source\repos\TaskFor3labsDop3\Debug\TaskFor3labsDop3.exe
       FinalizeBuildStatus:
         Файл "Debug\TaskFor3labsDop3.tlog\unsuccessfulbuild" удаляется.
         Обращение к "Debug\TaskFor3labsDop3.tlog\TaskFor3labsDop3.lastbuildstate".
     1>Сборка проекта "C:\Users\Vlad\source\repos\TaskFor3labsDop3\TaskFor3labsDop3.vcxproj" завершена (целевые объекты Build).

Сборка успешно завершена.
    Предупреждений: 0
    Ошибок: 0

Прошло времени 00:00:02.64
