Сборка начата 20.05.2020 14:57:30.
Уровень детализации журнала: Normal.     1>Проект "C:\Users\Vlad\OAP2\Laba14OAP\DOP\DOP.vcxproj" в узле 2 (целевые объекты Build).
     1>InitializeBuildStatus:
         Создание "Debug\DOP.tlog\unsuccessfulbuild", так как было задано "AlwaysCreate".
       ClCompile:
         C:\Program Files (x86)\Microsoft Visual Studio\2019\Community\VC\Tools\MSVC\14.24.28314\bin\HostX86\x86\CL.exe /c /ZI /JMC /nologo /W3 /WX- /diagnostics:column /sdl /Od /Oy- /D WIN32 /D _DEBUG /D _CONSOLE /D _UNICODE /D UNICODE /Gm- /EHsc /RTC1 /MDd /GS /fp:precise /permissive- /Zc:wchar_t /Zc:forScope /Zc:inline /Fo"Debug\\" /Fd"Debug\vc142.pdb" /Gd /TP /analyze- /FC /errorReport:prompt DOP.cpp
         DOP.cpp
     1>C:\Users\Vlad\OAP2\Laba14OAP\DOP\DOP.cpp(172,20): warning C4018: <: несоответствие типов со знаком и без знака
     1>C:\Users\Vlad\OAP2\Laba14OAP\DOP\DOP.cpp(174,21): warning C4018: <: несоответствие типов со знаком и без знака
     1>C:\Users\Vlad\OAP2\Laba14OAP\DOP\DOP.cpp(149,6): warning C4101: num: неиспользованная локальная переменная
     1>C:\Users\Vlad\OAP2\Laba14OAP\DOP\DOP.cpp(200,20): warning C4018: <: несоответствие типов со знаком и без знака
     1>C:\Users\Vlad\OAP2\Laba14OAP\DOP\DOP.cpp(202,25): warning C4018: <: несоответствие типов со знаком и без знака
     1>C:\Users\Vlad\OAP2\Laba14OAP\DOP\DOP.cpp(211,20): warning C4018: <: несоответствие типов со знаком и без знака
     1>C:\Users\Vlad\OAP2\Laba14OAP\DOP\DOP.cpp(213,25): warning C4018: <: несоответствие типов со знаком и без знака
     1>C:\Users\Vlad\OAP2\Laba14OAP\DOP\DOP.cpp(220,20): warning C4018: <=: несоответствие типов со знаком и без знака
     1>C:\Users\Vlad\OAP2\Laba14OAP\DOP\DOP.cpp(192,6): warning C4101: num: неиспользованная локальная переменная
       Link:
         C:\Program Files (x86)\Microsoft Visual Studio\2019\Community\VC\Tools\MSVC\14.24.28314\bin\HostX86\x86\link.exe /ERRORREPORT:PROMPT /OUT:"C:\Users\Vlad\OAP2\Laba14OAP\DOP\Debug\DOP.exe" /INCREMENTAL /NOLOGO kernel32.lib user32.lib gdi32.lib winspool.lib comdlg32.lib advapi32.lib shell32.lib ole32.lib oleaut32.lib uuid.lib odbc32.lib odbccp32.lib /MANIFEST /MANIFESTUAC:"level='asInvoker' uiAccess='false'" /manifest:embed /DEBUG:FASTLINK /PDB:"C:\Users\Vlad\OAP2\Laba14OAP\DOP\Debug\DOP.pdb" /SUBSYSTEM:CONSOLE /TLBID:1 /DYNAMICBASE /NXCOMPAT /IMPLIB:"C:\Users\Vlad\OAP2\Laba14OAP\DOP\Debug\DOP.lib" /MACHINE:X86 Debug\DOP.obj
         DOP.vcxproj -> C:\Users\Vlad\OAP2\Laba14OAP\DOP\Debug\DOP.exe
       FinalizeBuildStatus:
         Файл "Debug\DOP.tlog\unsuccessfulbuild" удаляется.
         Обращение к "Debug\DOP.tlog\DOP.lastbuildstate".
     1>Сборка проекта "C:\Users\Vlad\OAP2\Laba14OAP\DOP\DOP.vcxproj" завершена (целевые объекты Build).

Сборка успешно завершена.

       "C:\Users\Vlad\OAP2\Laba14OAP\DOP\DOP.vcxproj" (целевой объект Build ) (1) ->
       (Целевой объект ClCompile) -> 
         C:\Users\Vlad\OAP2\Laba14OAP\DOP\DOP.cpp(172,20): warning C4018: <: несоответствие типов со знаком и без знака
         C:\Users\Vlad\OAP2\Laba14OAP\DOP\DOP.cpp(174,21): warning C4018: <: несоответствие типов со знаком и без знака
         C:\Users\Vlad\OAP2\Laba14OAP\DOP\DOP.cpp(149,6): warning C4101: num: неиспользованная локальная переменная
         C:\Users\Vlad\OAP2\Laba14OAP\DOP\DOP.cpp(200,20): warning C4018: <: несоответствие типов со знаком и без знака
         C:\Users\Vlad\OAP2\Laba14OAP\DOP\DOP.cpp(202,25): warning C4018: <: несоответствие типов со знаком и без знака
         C:\Users\Vlad\OAP2\Laba14OAP\DOP\DOP.cpp(211,20): warning C4018: <: несоответствие типов со знаком и без знака
         C:\Users\Vlad\OAP2\Laba14OAP\DOP\DOP.cpp(213,25): warning C4018: <: несоответствие типов со знаком и без знака
         C:\Users\Vlad\OAP2\Laba14OAP\DOP\DOP.cpp(220,20): warning C4018: <=: несоответствие типов со знаком и без знака
         C:\Users\Vlad\OAP2\Laba14OAP\DOP\DOP.cpp(192,6): warning C4101: num: неиспользованная локальная переменная

    Предупреждений: 9
    Ошибок: 0

Прошло времени 00:00:03.35
