Сборка начата 18.03.2020 16:22:02.
Уровень детализации журнала: Normal.     1>Проект "C:\Users\Vlad\OAP2\TaskFor4labs6varik\DOPS\TaskFor4LabsVarik15dop(1)\TaskFor4LabsVarik15dop(1).vcxproj" в узле 2 (целевые объекты Build).
     1>InitializeBuildStatus:
         Создание "Debug\TaskFor4.C1A8465A.tlog\unsuccessfulbuild", так как было задано "AlwaysCreate".
       ClCompile:
         C:\Program Files (x86)\Microsoft Visual Studio\2019\Community\VC\Tools\MSVC\14.24.28314\bin\HostX86\x86\CL.exe /c /ZI /JMC /nologo /W3 /WX- /diagnostics:column /sdl /Od /Oy- /D WIN32 /D _DEBUG /D _CONSOLE /D _UNICODE /D UNICODE /Gm- /EHsc /RTC1 /MDd /GS /fp:precise /permissive- /Zc:wchar_t /Zc:forScope /Zc:inline /Fo"Debug\\" /Fd"Debug\vc142.pdb" /Gd /TP /analyze- /FC /errorReport:prompt "TaskFor4LabsVarik15dop(1).cpp"
         TaskFor4LabsVarik15dop(1).cpp
     1>C:\Users\Vlad\OAP2\TaskFor4labs6varik\DOPS\TaskFor4LabsVarik15dop(1)\TaskFor4LabsVarik15dop(1).cpp(71,34): warning C4018: <: несоответствие типов со знаком и без знака
       Link:
         C:\Program Files (x86)\Microsoft Visual Studio\2019\Community\VC\Tools\MSVC\14.24.28314\bin\HostX86\x86\link.exe /ERRORREPORT:PROMPT /OUT:"C:\Users\Vlad\OAP2\TaskFor4labs6varik\DOPS\TaskFor4LabsVarik15dop(1)\Debug\TaskFor4LabsVarik15dop(1).exe" /INCREMENTAL /NOLOGO kernel32.lib user32.lib gdi32.lib winspool.lib comdlg32.lib advapi32.lib shell32.lib ole32.lib oleaut32.lib uuid.lib odbc32.lib odbccp32.lib /MANIFEST /MANIFESTUAC:"level='asInvoker' uiAccess='false'" /manifest:embed /DEBUG:FASTLINK /PDB:"C:\Users\Vlad\OAP2\TaskFor4labs6varik\DOPS\TaskFor4LabsVarik15dop(1)\Debug\TaskFor4LabsVarik15dop(1).pdb" /SUBSYSTEM:CONSOLE /TLBID:1 /DYNAMICBASE /NXCOMPAT /IMPLIB:"C:\Users\Vlad\OAP2\TaskFor4labs6varik\DOPS\TaskFor4LabsVarik15dop(1)\Debug\TaskFor4LabsVarik15dop(1).lib" /MACHINE:X86 "Debug\TaskFor4LabsVarik15dop(1).obj"
         TaskFor4LabsVarik15dop(1).vcxproj -> C:\Users\Vlad\OAP2\TaskFor4labs6varik\DOPS\TaskFor4LabsVarik15dop(1)\Debug\TaskFor4LabsVarik15dop(1).exe
       FinalizeBuildStatus:
         Файл "Debug\TaskFor4.C1A8465A.tlog\unsuccessfulbuild" удаляется.
         Обращение к "Debug\TaskFor4.C1A8465A.tlog\TaskFor4LabsVarik15dop(1).lastbuildstate".
     1>Сборка проекта "C:\Users\Vlad\OAP2\TaskFor4labs6varik\DOPS\TaskFor4LabsVarik15dop(1)\TaskFor4LabsVarik15dop(1).vcxproj" завершена (целевые объекты Build).

Сборка успешно завершена.

       "C:\Users\Vlad\OAP2\TaskFor4labs6varik\DOPS\TaskFor4LabsVarik15dop(1)\TaskFor4LabsVarik15dop(1).vcxproj" (целевой объект Build ) (1) ->
       (Целевой объект ClCompile) -> 
         C:\Users\Vlad\OAP2\TaskFor4labs6varik\DOPS\TaskFor4LabsVarik15dop(1)\TaskFor4LabsVarik15dop(1).cpp(71,34): warning C4018: <: несоответствие типов со знаком и без знака

    Предупреждений: 1
    Ошибок: 0

Прошло времени 00:00:02.69
