Сборка начата 01.04.2020 15:55:00.
Уровень детализации журнала: Normal.     1>Проект "C:\Users\Vlad\OAP2\TaskFor6Labs6Varik\DOPS\1\dop1\dopp\dop2\dop2\dop2.vcxproj" в узле 2 (целевые объекты Build).
     1>PrepareForBuild:
         Создание каталога "Debug\dop2.tlog\".
       InitializeBuildStatus:
         Создание "Debug\dop2.tlog\unsuccessfulbuild", так как было задано "AlwaysCreate".
       ClCompile:
         C:\Program Files (x86)\Microsoft Visual Studio\2019\Community\VC\Tools\MSVC\14.24.28314\bin\HostX86\x86\CL.exe /c /ZI /JMC /nologo /W3 /WX- /diagnostics:column /sdl /Od /Oy- /D WIN32 /D _DEBUG /D _CONSOLE /D _UNICODE /D UNICODE /Gm- /EHsc /RTC1 /MDd /GS /fp:precise /permissive- /Zc:wchar_t /Zc:forScope /Zc:inline /Fo"Debug\\" /Fd"Debug\vc142.pdb" /Gd /TP /analyze- /FC /errorReport:prompt dop2.cpp Source.cpp
         dop2.cpp
     1>C:\Users\Vlad\OAP2\TaskFor6Labs6Varik\DOPS\1\dop1\dopp\dop2\dop2\dop2.cpp(11,7): warning C4101: s: неиспользованная локальная переменная
         Source.cpp
         Создание кода...
       Link:
         C:\Program Files (x86)\Microsoft Visual Studio\2019\Community\VC\Tools\MSVC\14.24.28314\bin\HostX86\x86\link.exe /ERRORREPORT:PROMPT /OUT:"C:\Users\Vlad\OAP2\TaskFor6Labs6Varik\DOPS\1\dop1\dopp\dop2\dop2\Debug\dop2.exe" /INCREMENTAL /NOLOGO kernel32.lib user32.lib gdi32.lib winspool.lib comdlg32.lib advapi32.lib shell32.lib ole32.lib oleaut32.lib uuid.lib odbc32.lib odbccp32.lib /MANIFEST /MANIFESTUAC:"level='asInvoker' uiAccess='false'" /manifest:embed /DEBUG:FASTLINK /PDB:"C:\Users\Vlad\OAP2\TaskFor6Labs6Varik\DOPS\1\dop1\dopp\dop2\dop2\Debug\dop2.pdb" /SUBSYSTEM:CONSOLE /TLBID:1 /DYNAMICBASE /NXCOMPAT /IMPLIB:"C:\Users\Vlad\OAP2\TaskFor6Labs6Varik\DOPS\1\dop1\dopp\dop2\dop2\Debug\dop2.lib" /MACHINE:X86 Debug\dop2.obj
         Debug\Source.obj
         dop2.vcxproj -> C:\Users\Vlad\OAP2\TaskFor6Labs6Varik\DOPS\1\dop1\dopp\dop2\dop2\Debug\dop2.exe
       FinalizeBuildStatus:
         Файл "Debug\dop2.tlog\unsuccessfulbuild" удаляется.
         Обращение к "Debug\dop2.tlog\dop2.lastbuildstate".
     1>Сборка проекта "C:\Users\Vlad\OAP2\TaskFor6Labs6Varik\DOPS\1\dop1\dopp\dop2\dop2\dop2.vcxproj" завершена (целевые объекты Build).

Сборка успешно завершена.

       "C:\Users\Vlad\OAP2\TaskFor6Labs6Varik\DOPS\1\dop1\dopp\dop2\dop2\dop2.vcxproj" (целевой объект Build ) (1) ->
       (Целевой объект ClCompile) -> 
         C:\Users\Vlad\OAP2\TaskFor6Labs6Varik\DOPS\1\dop1\dopp\dop2\dop2\dop2.cpp(11,7): warning C4101: s: неиспользованная локальная переменная

    Предупреждений: 1
    Ошибок: 0

Прошло времени 00:00:04.42
