Сборка начата 22.03.2020 16:25:22.
Уровень детализации журнала: Normal.     1>Проект "C:\Users\Vlad\OAP2\TaskFor5LabsVarik6\Dops\TaskFOr5LabsVarik2\TaskFOr5LabsVarik2.vcxproj" в узле 2 (целевые объекты Build).
     1>PrepareForBuild:
         Создание каталога "Debug\TaskFOr5.7CF36318.tlog\".
       InitializeBuildStatus:
         Создание "Debug\TaskFOr5.7CF36318.tlog\unsuccessfulbuild", так как было задано "AlwaysCreate".
       ClCompile:
         C:\Program Files (x86)\Microsoft Visual Studio\2019\Community\VC\Tools\MSVC\14.24.28314\bin\HostX86\x86\CL.exe /c /ZI /JMC /nologo /W3 /WX- /diagnostics:column /sdl /Od /Oy- /D WIN32 /D _DEBUG /D _CONSOLE /D _UNICODE /D UNICODE /Gm- /EHsc /RTC1 /MDd /GS /fp:precise /permissive- /Zc:wchar_t /Zc:forScope /Zc:inline /Fo"Debug\\" /Fd"Debug\vc142.pdb" /Gd /TP /analyze- /FC /errorReport:prompt TaskFOr5LabsVarik2.cpp
         TaskFOr5LabsVarik2.cpp
       Link:
         C:\Program Files (x86)\Microsoft Visual Studio\2019\Community\VC\Tools\MSVC\14.24.28314\bin\HostX86\x86\link.exe /ERRORREPORT:PROMPT /OUT:"C:\Users\Vlad\OAP2\TaskFor5LabsVarik6\Dops\TaskFOr5LabsVarik2\Debug\TaskFOr5LabsVarik2.exe" /INCREMENTAL /NOLOGO kernel32.lib user32.lib gdi32.lib winspool.lib comdlg32.lib advapi32.lib shell32.lib ole32.lib oleaut32.lib uuid.lib odbc32.lib odbccp32.lib /MANIFEST /MANIFESTUAC:"level='asInvoker' uiAccess='false'" /manifest:embed /DEBUG:FASTLINK /PDB:"C:\Users\Vlad\OAP2\TaskFor5LabsVarik6\Dops\TaskFOr5LabsVarik2\Debug\TaskFOr5LabsVarik2.pdb" /SUBSYSTEM:CONSOLE /TLBID:1 /DYNAMICBASE /NXCOMPAT /IMPLIB:"C:\Users\Vlad\OAP2\TaskFor5LabsVarik6\Dops\TaskFOr5LabsVarik2\Debug\TaskFOr5LabsVarik2.lib" /MACHINE:X86 Debug\TaskFOr5LabsVarik2.obj
         TaskFOr5LabsVarik2.vcxproj -> C:\Users\Vlad\OAP2\TaskFor5LabsVarik6\Dops\TaskFOr5LabsVarik2\Debug\TaskFOr5LabsVarik2.exe
       FinalizeBuildStatus:
         Файл "Debug\TaskFOr5.7CF36318.tlog\unsuccessfulbuild" удаляется.
         Обращение к "Debug\TaskFOr5.7CF36318.tlog\TaskFOr5LabsVarik2.lastbuildstate".
     1>Сборка проекта "C:\Users\Vlad\OAP2\TaskFor5LabsVarik6\Dops\TaskFOr5LabsVarik2\TaskFOr5LabsVarik2.vcxproj" завершена (целевые объекты Build).

Сборка успешно завершена.
    Предупреждений: 0
    Ошибок: 0

Прошло времени 00:00:02.07
