Сборка начата 15.04.2020 16:10:23.
Уровень детализации журнала: Normal.     1>Проект "C:\Users\Vlad\OAP2\TaskFor8Labs6Varik\dop\Source1\Source1.vcxproj" в узле 2 (целевые объекты Build).
     1>PrepareForBuild:
         Создание каталога "Debug\Source1.tlog\".
       InitializeBuildStatus:
         Создание "Debug\Source1.tlog\unsuccessfulbuild", так как было задано "AlwaysCreate".
       ClCompile:
         C:\Program Files (x86)\Microsoft Visual Studio\2019\Community\VC\Tools\MSVC\14.24.28314\bin\HostX86\x86\CL.exe /c /ZI /JMC /nologo /W3 /WX- /diagnostics:column /sdl /Od /Oy- /D WIN32 /D _DEBUG /D _CONSOLE /D _UNICODE /D UNICODE /Gm- /EHsc /RTC1 /MDd /GS /fp:precise /permissive- /Zc:wchar_t /Zc:forScope /Zc:inline /Fo"Debug\\" /Fd"Debug\vc142.pdb" /Gd /TP /analyze- /FC /errorReport:prompt "Source(12).cpp" Source1.cpp
         Source(12).cpp
         Source1.cpp
     1>C:\Users\Vlad\OAP2\TaskFor8Labs6Varik\dop\Source1\Source1.cpp(10,7): warning C4101: s: неиспользованная локальная переменная
     1>C:\Users\Vlad\OAP2\TaskFor8Labs6Varik\dop\Source1\Source1.cpp(10,19): warning C4101: c: неиспользованная локальная переменная
         Создание кода...
       Link:
         C:\Program Files (x86)\Microsoft Visual Studio\2019\Community\VC\Tools\MSVC\14.24.28314\bin\HostX86\x86\link.exe /ERRORREPORT:PROMPT /OUT:"C:\Users\Vlad\OAP2\TaskFor8Labs6Varik\dop\Source1\Debug\Source1.exe" /INCREMENTAL /NOLOGO kernel32.lib user32.lib gdi32.lib winspool.lib comdlg32.lib advapi32.lib shell32.lib ole32.lib oleaut32.lib uuid.lib odbc32.lib odbccp32.lib /MANIFEST /MANIFESTUAC:"level='asInvoker' uiAccess='false'" /manifest:embed /DEBUG:FASTLINK /PDB:"C:\Users\Vlad\OAP2\TaskFor8Labs6Varik\dop\Source1\Debug\Source1.pdb" /SUBSYSTEM:CONSOLE /TLBID:1 /DYNAMICBASE /NXCOMPAT /IMPLIB:"C:\Users\Vlad\OAP2\TaskFor8Labs6Varik\dop\Source1\Debug\Source1.lib" /MACHINE:X86 "Debug\Source(12).obj"
         Debug\Source1.obj
         Source1.vcxproj -> C:\Users\Vlad\OAP2\TaskFor8Labs6Varik\dop\Source1\Debug\Source1.exe
       FinalizeBuildStatus:
         Файл "Debug\Source1.tlog\unsuccessfulbuild" удаляется.
         Обращение к "Debug\Source1.tlog\Source1.lastbuildstate".
     1>Сборка проекта "C:\Users\Vlad\OAP2\TaskFor8Labs6Varik\dop\Source1\Source1.vcxproj" завершена (целевые объекты Build).

Сборка успешно завершена.

       "C:\Users\Vlad\OAP2\TaskFor8Labs6Varik\dop\Source1\Source1.vcxproj" (целевой объект Build ) (1) ->
       (Целевой объект ClCompile) -> 
         C:\Users\Vlad\OAP2\TaskFor8Labs6Varik\dop\Source1\Source1.cpp(10,7): warning C4101: s: неиспользованная локальная переменная
         C:\Users\Vlad\OAP2\TaskFor8Labs6Varik\dop\Source1\Source1.cpp(10,19): warning C4101: c: неиспользованная локальная переменная

    Предупреждений: 2
    Ошибок: 0

Прошло времени 00:00:04.17
