Сборка начата 06.05.2020 16:17:08.
Уровень детализации журнала: Normal.     1>Проект "C:\Users\Vlad\OAP2\dop\dop.vcxproj" в узле 2 (целевые объекты Build).
     1>InitializeBuildStatus:
         Создание "Debug\dop.tlog\unsuccessfulbuild", так как было задано "AlwaysCreate".
       ClCompile:
         C:\Program Files (x86)\Microsoft Visual Studio\2019\Community\VC\Tools\MSVC\14.24.28314\bin\HostX86\x86\CL.exe /c /ZI /JMC /nologo /W3 /WX- /diagnostics:column /sdl /Od /Oy- /D WIN32 /D _DEBUG /D _CONSOLE /D _UNICODE /D UNICODE /Gm- /EHsc /RTC1 /MDd /GS /fp:precise /permissive- /Zc:wchar_t /Zc:forScope /Zc:inline /Fo"Debug\\" /Fd"Debug\vc142.pdb" /Gd /TP /analyze- /FC /errorReport:prompt dop.cpp
         dop.cpp
     1>C:\Users\Vlad\OAP2\dop\dop.cpp(211): warning C4715: f: значение возвращается не при всех путях выполнения
       Link:
         C:\Program Files (x86)\Microsoft Visual Studio\2019\Community\VC\Tools\MSVC\14.24.28314\bin\HostX86\x86\link.exe /ERRORREPORT:PROMPT /OUT:"C:\Users\Vlad\OAP2\dop\Debug\dop.exe" /INCREMENTAL /NOLOGO kernel32.lib user32.lib gdi32.lib winspool.lib comdlg32.lib advapi32.lib shell32.lib ole32.lib oleaut32.lib uuid.lib odbc32.lib odbccp32.lib /MANIFEST /MANIFESTUAC:"level='asInvoker' uiAccess='false'" /manifest:embed /DEBUG:FASTLINK /PDB:"C:\Users\Vlad\OAP2\dop\Debug\dop.pdb" /SUBSYSTEM:CONSOLE /TLBID:1 /DYNAMICBASE /NXCOMPAT /IMPLIB:"C:\Users\Vlad\OAP2\dop\Debug\dop.lib" /MACHINE:X86 Debug\dop.obj
         dop.vcxproj -> C:\Users\Vlad\OAP2\dop\Debug\dop.exe
       FinalizeBuildStatus:
         Файл "Debug\dop.tlog\unsuccessfulbuild" удаляется.
         Обращение к "Debug\dop.tlog\dop.lastbuildstate".
     1>Сборка проекта "C:\Users\Vlad\OAP2\dop\dop.vcxproj" завершена (целевые объекты Build).

Сборка успешно завершена.

       "C:\Users\Vlad\OAP2\dop\dop.vcxproj" (целевой объект Build ) (1) ->
       (Целевой объект ClCompile) -> 
         C:\Users\Vlad\OAP2\dop\dop.cpp(211): warning C4715: f: значение возвращается не при всех путях выполнения

    Предупреждений: 1
    Ошибок: 0

Прошло времени 00:00:02.65
